<?xml version="1.0" encoding="UTF-8"?>
<!-- Generated by org.testng.reporters.JUnitXMLReporter -->
<testsuite ignored="0" hostname="DESKTOP-ERHMPND" failures="0" tests="9" name="groupbasic" time="0.184" errors="0" timestamp="2022-09-23T09:50:04 GMT-07:00">
  <testcase classname="Groping.BASICgrouping" name="testcase1" time="0.009"/>
  <testcase classname="Groping.BASICgrouping" name="testcase2" time="0.003"/>
  <testcase classname="Groping.BASICgrouping" name="testcase3" time="0.003"/>
  <testcase classname="Groping.GROUPING2" name="testcase4" time="0.003"/>
  <testcase classname="Groping.GROUPING2" name="testcase5" time="0.004"/>
  <testcase classname="Groping.GROUPING2" name="testcase6" time="0.007"/>
  <testcase classname="Groping.Grouping3" name="testcase7" time="0.004"/>
  <testcase classname="Groping.Grouping3" name="testcase8" time="0.013"/>
  <testcase classname="Groping.Grouping3" name="testcase9" time="0.005"/>
</testsuite> <!-- groupbasic -->
