<?xml version="1.0" encoding="UTF-8"?>
<!-- Generated by org.testng.reporters.JUnitXMLReporter -->
<testsuite ignored="0" hostname="DESKTOP-ERHMPND" failures="0" tests="6" name="Test" time="5.252" errors="0" timestamp="2022-09-27T22:09:58 GMT-07:00">
  <testcase classname="vefification.verifactionsir" name="CrossBrowserTesting" time="4.518"/>
  <testcase classname="vefification.verifactionsir" name="VerifyCurrentUrl" time="0.026"/>
  <testcase classname="vefification.verifactionsir" name="VerifyPageTitle" time="0.02"/>
  <testcase classname="vefification.verifactionsir" name="VerifyUserNameField" time="0.239"/>
  <testcase classname="vefification.verifactionsir" name="VerifyPasswordField" time="0.214"/>
  <testcase classname="vefification.verifactionsir" name="ClickforgotPasswordLink" time="0.127"/>
</testsuite> <!-- Test -->
