<?xml version="1.0" encoding="UTF-8"?>
<!-- Generated by org.testng.reporters.JUnitXMLReporter -->
<testsuite ignored="3" hostname="DESKTOP-ERHMPND" failures="0" tests="6" name="functionl" time="0.113" errors="0" timestamp="2022-09-23T10:21:03 GMT-07:00">
  <testcase classname="Groping.BASICgrouping" name="testcase2" time="0.015"/>
  <testcase classname="Groping.BASICgrouping" name="testcase3" time="0.002"/>
  <testcase classname="Groping.GROUPING2" name="testcase5" time="0.002"/>
  <testcase classname="Groping.GROUPING2" name="testcase6" time="0.003"/>
  <testcase classname="Groping.Grouping3" name="testcase8" time="0.003"/>
  <testcase classname="Groping.Grouping3" name="testcase9" time="0.002"/>
  <testcase classname="Groping.BASICgrouping" name="testcase1" time="0.0">
    <ignored/>
  </testcase> <!-- testcase1 -->
  <testcase classname="Groping.Grouping3" name="testcase7" time="0.0">
    <ignored/>
  </testcase> <!-- testcase7 -->
  <testcase classname="Groping.GROUPING2" name="testcase4" time="0.0">
    <ignored/>
  </testcase> <!-- testcase4 -->
</testsuite> <!-- functionl -->
