<?xml version="1.0" encoding="UTF-8"?>
<!-- Generated by org.testng.reporters.JUnitXMLReporter -->
<testsuite ignored="6" hostname="DESKTOP-ERHMPND" failures="0" tests="3" name="smoke" time="0.107" errors="0" timestamp="2022-09-23T10:13:02 GMT-07:00">
  <testcase classname="Groping.BASICgrouping" name="testcase1" time="0.016"/>
  <testcase classname="Groping.GROUPING2" name="testcase4" time="0.003"/>
  <testcase classname="Groping.Grouping3" name="testcase7" time="0.002"/>
  <testcase classname="Groping.BASICgrouping" name="testcase3" time="0.0">
    <ignored/>
  </testcase> <!-- testcase3 -->
  <testcase classname="Groping.GROUPING2" name="testcase6" time="0.0">
    <ignored/>
  </testcase> <!-- testcase6 -->
  <testcase classname="Groping.GROUPING2" name="testcase5" time="0.0">
    <ignored/>
  </testcase> <!-- testcase5 -->
  <testcase classname="Groping.Grouping3" name="testcase8" time="0.0">
    <ignored/>
  </testcase> <!-- testcase8 -->
  <testcase classname="Groping.Grouping3" name="testcase9" time="0.0">
    <ignored/>
  </testcase> <!-- testcase9 -->
  <testcase classname="Groping.BASICgrouping" name="testcase2" time="0.0">
    <ignored/>
  </testcase> <!-- testcase2 -->
</testsuite> <!-- smoke -->
