<?xml version="1.0" encoding="UTF-8"?>
<testng-results ignored="0" total="1" passed="1" failed="0" skipped="0">
  <reporter-output>
  </reporter-output>
  <suite started-at="2022-09-29T23:04:46 GMT-07:00" name="Default suite" finished-at="2022-09-29T23:04:57 GMT-07:00" duration-ms="11323">
    <groups>
    </groups>
    <test started-at="2022-09-29T23:04:46 GMT-07:00" name="Default test" finished-at="2022-09-29T23:04:57 GMT-07:00" duration-ms="11323">
      <class name="pommmm.pomExuction">
        <test-method is-config="true" signature="Setup()[pri:0, instance:pommmm.pomExuction@7e5afaa6]" started-at="2022-09-29T23:04:46 GMT-07:00" name="Setup" finished-at="2022-09-29T23:04:52 GMT-07:00" duration-ms="6225" status="PASS">
          <reporter-output>
          </reporter-output>
        </test-method> <!-- Setup -->
        <test-method signature="verifyFacebook()[pri:0, instance:pommmm.pomExuction@7e5afaa6]" started-at="2022-09-29T23:04:52 GMT-07:00" name="verifyFacebook" finished-at="2022-09-29T23:04:57 GMT-07:00" duration-ms="5001" status="PASS">
          <reporter-output>
          </reporter-output>
        </test-method> <!-- verifyFacebook -->
        <test-method is-config="true" signature="quit()[pri:0, instance:pommmm.pomExuction@7e5afaa6]" started-at="2022-09-29T23:04:57 GMT-07:00" name="quit" finished-at="2022-09-29T23:04:57 GMT-07:00" duration-ms="0" status="PASS">
          <reporter-output>
          </reporter-output>
        </test-method> <!-- quit -->
      </class> <!-- pommmm.pomExuction -->
    </test> <!-- Default test -->
  </suite> <!-- Default suite -->
</testng-results>
